<?xml version="1.0" encoding="UTF-8"?>
<testsuite xmlns:xsi="http://www.w3.org/2001/XMLSchema-instance" xsi:noNamespaceSchemaLocation="https://maven.apache.org/surefire/maven-surefire-plugin/xsd/surefire-test-report.xsd" name="com.springdatajpa.springdatajpa.OneToOneUnidiectionalMappingTest" time="18.009" tests="1" errors="1" skipped="0" failures="0">
  <properties>
[...]
</properties>
  <testcase name="getOrderMethod" classname="com.springdatajpa.springdatajpa.OneToOneUnidiectionalMappingTest" time="0.757">
    <error message="No value present" type="java.util.NoSuchElementException">java.util.NoSuchElementException: No value present
	at com.springdatajpa.springdatajpa.OneToOneUnidiectionalMappingTest.getOrderMethod(OneToOneUnidiectionalMappingTest.java:61)
</error>
    <system-out><![CDATA[11:46:26.298 [main] DEBUG org.springframework.boot.test.context.SpringBootTestContextBootstrapper - Neither @ContextConfiguration nor @ContextHierarchy found for test class [OneToOneUnidiectionalMappingTest]: using SpringBootContextLoader
11:46:26.314 [main] DEBUG org.springframework.test.context.support.AbstractContextLoader - Could not detect default resource locations for test class [com.springdatajpa.springdatajpa.OneToOneUnidiectionalMappingTest]: no resource found for suffixes {-context.xml, Context.groovy}.
11:46:26.316 [main] INFO org.springframework.test.context.support.AnnotationConfigContextLoaderUtils - Could not detect default configuration classes for test class [com.springdatajpa.springdatajpa.OneToOneUnidiectionalMappingTest]: OneToOneUnidiectionalMappingTest does not declare any static, non-private, non-final, nested classes annotated with @Configuration.
11:46:26.421 [main] DEBUG org.springframework.boot.test.context.SpringBootTestContextBootstrapper - Using ContextCustomizers for test class [OneToOneUnidiectionalMappingTest]: [ExcludeFilterContextCustomizer, DuplicateJsonObjectContextCustomizer, MockitoContextCustomizer, TestRestTemplateContextCustomizer, DisableObservabilityContextCustomizer, PropertyMappingContextCustomizer, Customizer]
11:46:26.699 [main] DEBUG org.springframework.context.annotation.ClassPathScanningCandidateComponentProvider - Identified candidate component class: file [G:\akash work\spring-data-jpa\target\classes\com\springdatajpa\springdatajpa\SpringDataJpaApplication.class]
11:46:26.707 [main] INFO org.springframework.boot.test.context.SpringBootTestContextBootstrapper - Found @SpringBootConfiguration com.springdatajpa.springdatajpa.SpringDataJpaApplication for test class com.springdatajpa.springdatajpa.OneToOneUnidiectionalMappingTest
11:46:27.047 [main] DEBUG org.springframework.boot.test.context.SpringBootTestContextBootstrapper - Using TestExecutionListeners for test class [OneToOneUnidiectionalMappingTest]: [ServletTestExecutionListener, DirtiesContextBeforeModesTestExecutionListener, ApplicationEventsTestExecutionListener, MockitoTestExecutionListener, DependencyInjectionTestExecutionListener, DirtiesContextTestExecutionListener, TransactionalTestExecutionListener, SqlScriptsTestExecutionListener, EventPublishingTestExecutionListener, ResetMocksTestExecutionListener, RestDocsTestExecutionListener, MockRestServiceServerResetTestExecutionListener, MockMvcPrintOnlyOnFailureTestExecutionListener, WebDriverTestExecutionListener, MockWebServiceServerTestExecutionListener]
11:46:27.051 [main] DEBUG org.springframework.test.context.support.AbstractDirtiesContextTestExecutionListener - Before test class: class [OneToOneUnidiectionalMappingTest], class annotated with @DirtiesContext [false] with mode [null]

  .   ____          _            __ _ _
 /\\ / ___'_ __ _ _(_)_ __  __ _ \ \ \ \
( ( )\___ | '_ | '_| | '_ \/ _` | \ \ \ \
 \\/  ___)| |_)| | | | | || (_| |  ) ) ) )
  '  |____| .__|_| |_|_| |_\__, | / / / /
 =========|_|==============|___/=/_/_/_/
 :: Spring Boot ::                (v3.0.4)

2023-03-11T11:46:28.007+05:30  INFO 7712 --- [           main] c.s.s.OneToOneUnidiectionalMappingTest   : Starting OneToOneUnidiectionalMappingTest using Java 19.0.2 with PID 7712 (started by princi in G:\akash work\spring-data-jpa)
2023-03-11T11:46:28.012+05:30  INFO 7712 --- [           main] c.s.s.OneToOneUnidiectionalMappingTest   : No active profile set, falling back to 1 default profile: "default"
2023-03-11T11:46:30.157+05:30  INFO 7712 --- [           main] .s.d.r.c.RepositoryConfigurationDelegate : Bootstrapping Spring Data JPA repositories in DEFAULT mode.
2023-03-11T11:46:30.320+05:30  INFO 7712 --- [           main] .s.d.r.c.RepositoryConfigurationDelegate : Finished Spring Data repository scanning in 139 ms. Found 4 JPA repository interfaces.
2023-03-11T11:46:32.995+05:30  INFO 7712 --- [           main] o.hibernate.jpa.internal.util.LogHelper  : HHH000204: Processing PersistenceUnitInfo [name: default]
2023-03-11T11:46:33.181+05:30  INFO 7712 --- [           main] org.hibernate.Version                    : HHH000412: Hibernate ORM core version 6.1.7.Final
2023-03-11T11:46:34.305+05:30  INFO 7712 --- [           main] com.zaxxer.hikari.HikariDataSource       : HikariPool-1 - Starting...
2023-03-11T11:46:35.409+05:30  INFO 7712 --- [           main] com.zaxxer.hikari.pool.HikariPool        : HikariPool-1 - Added connection com.mysql.cj.jdbc.ConnectionImpl@3688baab
2023-03-11T11:46:35.415+05:30  INFO 7712 --- [           main] com.zaxxer.hikari.HikariDataSource       : HikariPool-1 - Start completed.
2023-03-11T11:46:35.661+05:30  INFO 7712 --- [           main] SQL dialect                              : HHH000400: Using dialect: org.hibernate.dialect.MySQLDialect
2023-03-11T11:46:38.596+05:30  INFO 7712 --- [           main] o.h.e.t.j.p.i.JtaPlatformInitiator       : HHH000490: Using JtaPlatform implementation: [org.hibernate.engine.transaction.jta.platform.internal.NoJtaPlatform]
2023-03-11T11:46:38.615+05:30  INFO 7712 --- [           main] j.LocalContainerEntityManagerFactoryBean : Initialized JPA EntityManagerFactory for persistence unit 'default'
2023-03-11T11:46:40.595+05:30  WARN 7712 --- [           main] JpaBaseConfiguration$JpaWebConfiguration : spring.jpa.open-in-view is enabled by default. Therefore, database queries may be performed during view rendering. Explicitly configure spring.jpa.open-in-view to disable this warning
2023-03-11T11:46:42.471+05:30  INFO 7712 --- [           main] o.s.b.a.e.web.EndpointLinksResolver      : Exposing 1 endpoint(s) beneath base path '/actuator'
2023-03-11T11:46:42.713+05:30  INFO 7712 --- [           main] c.s.s.OneToOneUnidiectionalMappingTest   : Started OneToOneUnidiectionalMappingTest in 15.559 seconds (process running for 18.544)
Hibernate: 
    select
        o1_0.id,
        b1_0.id,
        b1_0.city,
        b1_0.country,
        b1_0.state,
        b1_0.street,
        b1_0.zip_code,
        o1_0.date_created,
        o1_0.last_updated,
        o1_0.order_tracking_number,
        o1_0.status,
        o1_0.total_price,
        o1_0.total_quantity 
    from
        orders o1_0 
    left join
        address b1_0 
            on b1_0.id=o1_0.billing_address_id 
    where
        o1_0.id=?
]]></system-out>
  </testcase>
</testsuite>