<?xml version="1.0" encoding="UTF-8"?>
<testsuite xmlns:xsi="http://www.w3.org/2001/XMLSchema-instance" xsi:noNamespaceSchemaLocation="https://maven.apache.org/surefire/maven-surefire-plugin/xsd/surefire-test-report.xsd" name="com.springdatajpa.springdatajpa.OneToOneBidirectionalMappingTest" time="14.192" tests="1" errors="1" skipped="0" failures="0">
  <properties>
[...]
</properties>
  <testcase name="getAddressMethod" classname="com.springdatajpa.springdatajpa.OneToOneBidirectionalMappingTest" time="0.635">
    <error type="java.lang.StackOverflowError">java.lang.StackOverflowError
</error>
    <system-out><![CDATA[12:39:57.254 [main] DEBUG org.springframework.boot.test.context.SpringBootTestContextBootstrapper - Neither @ContextConfiguration nor @ContextHierarchy found for test class [OneToOneBidirectionalMappingTest]: using SpringBootContextLoader
12:39:57.262 [main] DEBUG org.springframework.test.context.support.AbstractContextLoader - Could not detect default resource locations for test class [com.springdatajpa.springdatajpa.OneToOneBidirectionalMappingTest]: no resource found for suffixes {-context.xml, Context.groovy}.
12:39:57.264 [main] INFO org.springframework.test.context.support.AnnotationConfigContextLoaderUtils - Could not detect default configuration classes for test class [com.springdatajpa.springdatajpa.OneToOneBidirectionalMappingTest]: OneToOneBidirectionalMappingTest does not declare any static, non-private, non-final, nested classes annotated with @Configuration.
12:39:57.328 [main] DEBUG org.springframework.boot.test.context.SpringBootTestContextBootstrapper - Using ContextCustomizers for test class [OneToOneBidirectionalMappingTest]: [ExcludeFilterContextCustomizer, DuplicateJsonObjectContextCustomizer, MockitoContextCustomizer, TestRestTemplateContextCustomizer, DisableObservabilityContextCustomizer, PropertyMappingContextCustomizer, Customizer]
12:39:57.579 [main] DEBUG org.springframework.context.annotation.ClassPathScanningCandidateComponentProvider - Identified candidate component class: file [G:\akash work\spring-data-jpa\target\classes\com\springdatajpa\springdatajpa\SpringDataJpaApplication.class]
12:39:57.579 [main] INFO org.springframework.boot.test.context.SpringBootTestContextBootstrapper - Found @SpringBootConfiguration com.springdatajpa.springdatajpa.SpringDataJpaApplication for test class com.springdatajpa.springdatajpa.OneToOneBidirectionalMappingTest
12:39:57.833 [main] DEBUG org.springframework.boot.test.context.SpringBootTestContextBootstrapper - Using TestExecutionListeners for test class [OneToOneBidirectionalMappingTest]: [ServletTestExecutionListener, DirtiesContextBeforeModesTestExecutionListener, ApplicationEventsTestExecutionListener, MockitoTestExecutionListener, DependencyInjectionTestExecutionListener, DirtiesContextTestExecutionListener, TransactionalTestExecutionListener, SqlScriptsTestExecutionListener, EventPublishingTestExecutionListener, ResetMocksTestExecutionListener, RestDocsTestExecutionListener, MockRestServiceServerResetTestExecutionListener, MockMvcPrintOnlyOnFailureTestExecutionListener, WebDriverTestExecutionListener, MockWebServiceServerTestExecutionListener]
12:39:57.848 [main] DEBUG org.springframework.test.context.support.AbstractDirtiesContextTestExecutionListener - Before test class: class [OneToOneBidirectionalMappingTest], class annotated with @DirtiesContext [false] with mode [null]

  .   ____          _            __ _ _
 /\\ / ___'_ __ _ _(_)_ __  __ _ \ \ \ \
( ( )\___ | '_ | '_| | '_ \/ _` | \ \ \ \
 \\/  ___)| |_)| | | | | || (_| |  ) ) ) )
  '  |____| .__|_| |_|_| |_\__, | / / / /
 =========|_|==============|___/=/_/_/_/
 :: Spring Boot ::                (v3.0.4)

2023-03-11T12:39:58.524+05:30  INFO 4712 --- [           main] c.s.s.OneToOneBidirectionalMappingTest   : Starting OneToOneBidirectionalMappingTest using Java 19.0.2 with PID 4712 (started by princi in G:\akash work\spring-data-jpa)
2023-03-11T12:39:58.527+05:30  INFO 4712 --- [           main] c.s.s.OneToOneBidirectionalMappingTest   : No active profile set, falling back to 1 default profile: "default"
2023-03-11T12:40:00.176+05:30  INFO 4712 --- [           main] .s.d.r.c.RepositoryConfigurationDelegate : Bootstrapping Spring Data JPA repositories in DEFAULT mode.
2023-03-11T12:40:00.316+05:30  INFO 4712 --- [           main] .s.d.r.c.RepositoryConfigurationDelegate : Finished Spring Data repository scanning in 123 ms. Found 4 JPA repository interfaces.
2023-03-11T12:40:02.422+05:30  INFO 4712 --- [           main] o.hibernate.jpa.internal.util.LogHelper  : HHH000204: Processing PersistenceUnitInfo [name: default]
2023-03-11T12:40:02.584+05:30  INFO 4712 --- [           main] org.hibernate.Version                    : HHH000412: Hibernate ORM core version 6.1.7.Final
2023-03-11T12:40:03.393+05:30  INFO 4712 --- [           main] com.zaxxer.hikari.HikariDataSource       : HikariPool-1 - Starting...
2023-03-11T12:40:04.373+05:30  INFO 4712 --- [           main] com.zaxxer.hikari.pool.HikariPool        : HikariPool-1 - Added connection com.mysql.cj.jdbc.ConnectionImpl@9205c0a
2023-03-11T12:40:04.378+05:30  INFO 4712 --- [           main] com.zaxxer.hikari.HikariDataSource       : HikariPool-1 - Start completed.
2023-03-11T12:40:04.524+05:30  INFO 4712 --- [           main] SQL dialect                              : HHH000400: Using dialect: org.hibernate.dialect.MySQLDialect
2023-03-11T12:40:06.698+05:30  INFO 4712 --- [           main] o.h.e.t.j.p.i.JtaPlatformInitiator       : HHH000490: Using JtaPlatform implementation: [org.hibernate.engine.transaction.jta.platform.internal.NoJtaPlatform]
2023-03-11T12:40:06.727+05:30  INFO 4712 --- [           main] j.LocalContainerEntityManagerFactoryBean : Initialized JPA EntityManagerFactory for persistence unit 'default'
2023-03-11T12:40:08.242+05:30  WARN 4712 --- [           main] JpaBaseConfiguration$JpaWebConfiguration : spring.jpa.open-in-view is enabled by default. Therefore, database queries may be performed during view rendering. Explicitly configure spring.jpa.open-in-view to disable this warning
2023-03-11T12:40:09.796+05:30  INFO 4712 --- [           main] o.s.b.a.e.web.EndpointLinksResolver      : Exposing 1 endpoint(s) beneath base path '/actuator'
2023-03-11T12:40:10.014+05:30  INFO 4712 --- [           main] c.s.s.OneToOneBidirectionalMappingTest   : Started OneToOneBidirectionalMappingTest in 12.09 seconds (process running for 14.588)
Hibernate: 
    select
        a1_0.id,
        a1_0.city,
        a1_0.country,
        o1_0.id,
        o1_0.date_created,
        o1_0.last_updated,
        o1_0.order_tracking_number,
        o1_0.status,
        o1_0.total_price,
        o1_0.total_quantity,
        a1_0.state,
        a1_0.street,
        a1_0.zip_code 
    from
        address a1_0 
    left join
        orders o1_0 
            on o1_0.id=a1_0.order_id 
    where
        a1_0.id=?
]]></system-out>
  </testcase>
</testsuite>